app/build/outputs/logs/manifest-merger-release-report.txt
-- Merging decision tree log ---
manifest
ADDED from src\main\AndroidManifest.xml:2:1-22:12
	package
		ADDED from src\main\AndroidManifest.xml:3:5-43
		INJECTED from src\main\AndroidManifest.xml
		INJECTED from src\main\AndroidManifest.xml
	android:versionName
		INJECTED from src\main\AndroidManifest.xml
		INJECTED from src\main\AndroidManifest.xml
	xmlns:android
		ADDED from src\main\AndroidManifest.xml:2:11-69
	android:versionCode
		INJECTED from src\main\AndroidManifest.xml
		INJECTED from src\main\AndroidManifest.xml
uses-permission#android.permission.INTERNET
ADDED from src\main\AndroidManifest.xml:4:5-66
	android:name
		ADDED from src\main\AndroidManifest.xml:4:22-64
application
ADDED from src\main\AndroidManifest.xml:5:5-20:19
MERGED from [com.android.support:appcompat-v7:24.1.1] AndroidManifest.xml:25:5-20
MERGED from [com.android.support:animated-vector-drawable:24.1.1] AndroidManifest.xml:22:5-20
MERGED from [com.android.support:support-vector-drawable:24.1.1] AndroidManifest.xml:23:5-20
MERGED from [com.android.support:support-v4:24.1.1] AndroidManifest.xml:25:5-20
MERGED from [MyApplication3:facebook-android-sdk-4.19.0:unspecified] AndroidManifest.xml:28:5-48:19
MERGED from [com.android.support:cardview-v7:24.1.1] AndroidManifest.xml:22:5-20
	android:label
		ADDED from src\main\AndroidManifest.xml:8:9-41
	android:supportsRtl
		ADDED from src\main\AndroidManifest.xml:9:9-35
	android:allowBackup
		ADDED from src\main\AndroidManifest.xml:6:9-35
	android:icon
		ADDED from src\main\AndroidManifest.xml:7:9-43
	android:theme
		ADDED from src\main\AndroidManifest.xml:10:9-40
meta-data#com.facebook.sdk.ApplicationId
ADDED from src\main\AndroidManifest.xml:11:9-107
	android:value
		ADDED from src\main\AndroidManifest.xml:11:66-105
	android:name
		ADDED from src\main\AndroidManifest.xml:11:20-65
activity#fr.vjblind.www.myapplication.MainActivity
ADDED from src\main\AndroidManifest.xml:13:9-19:20
	android:name
		ADDED from src\main\AndroidManifest.xml:13:19-47
intent-filter#android.intent.action.MAIN+android.intent.category.LAUNCHER
ADDED from src\main\AndroidManifest.xml:14:13-18:29
action#android.intent.action.MAIN
ADDED from src\main\AndroidManifest.xml:15:17-69
	android:name
		ADDED from src\main\AndroidManifest.xml:15:25-66
category#android.intent.category.LAUNCHER
ADDED from src\main\AndroidManifest.xml:17:17-77
	android:name
		ADDED from src\main\AndroidManifest.xml:17:27-74
uses-sdk
INJECTED from src\main\AndroidManifest.xml reason: use-sdk injection requested
MERGED from [com.android.support:appcompat-v7:24.1.1] AndroidManifest.xml:21:5-23:78
MERGED from [com.android.support:animated-vector-drawable:24.1.1] AndroidManifest.xml:20:5-44
MERGED from [com.android.support:support-vector-drawable:24.1.1] AndroidManifest.xml:21:5-43
MERGED from [com.android.support:support-v4:24.1.1] AndroidManifest.xml:21:5-23:54
MERGED from [MyApplication3:facebook-android-sdk-4.19.0:unspecified] AndroidManifest.xml:24:5-26:41
MERGED from [com.android.support:cardview-v7:24.1.1] AndroidManifest.xml:20:5-43
	tools:overrideLibrary
		ADDED from [com.android.support:appcompat-v7:24.1.1] AndroidManifest.xml:23:9-75
	android:targetSdkVersion
		INJECTED from src\main\AndroidManifest.xml
		INJECTED from src\main\AndroidManifest.xml
	android:minSdkVersion
		INJECTED from src\main\AndroidManifest.xml
		INJECTED from src\main\AndroidManifest.xml
activity#com.facebook.FacebookActivity
ADDED from [MyApplication3:facebook-android-sdk-4.19.0:unspecified] AndroidManifest.xml:29:9-32:66
	android:configChanges
		ADDED from [MyApplication3:facebook-android-sdk-4.19.0:unspecified] AndroidManifest.xml:31:13-96
	android:theme
		ADDED from [MyApplication3:facebook-android-sdk-4.19.0:unspecified] AndroidManifest.xml:32:13-63
	android:name
		ADDED from [MyApplication3:facebook-android-sdk-4.19.0:unspecified] AndroidManifest.xml:30:13-57
activity#com.facebook.CustomTabMainActivity
ADDED from [MyApplication3:facebook-android-sdk-4.19.0:unspecified] AndroidManifest.xml:33:9-71
	android:name
		ADDED from [MyApplication3:facebook-android-sdk-4.19.0:unspecified] AndroidManifest.xml:33:19-68
provider#com.facebook.internal.FacebookInitProvider
ADDED from [MyApplication3:facebook-android-sdk-4.19.0:unspecified] AndroidManifest.xml:44:9-47:40
	android:authorities
		ADDED from [MyApplication3:facebook-android-sdk-4.19.0:unspecified] AndroidManifest.xml:46:13-72
	android:exported
		ADDED from [MyApplication3:facebook-android-sdk-4.19.0:unspecified] AndroidManifest.xml:47:13-37
	android:name
		ADDED from [MyApplication3:facebook-android-sdk-4.19.0:unspecified] AndroidManifest.xml:45:13-70